0 info it worked if it ends with ok
1 verbose cli [ '/usr/local/bin/node',
1 verbose cli   '/usr/local/bin/npm',
1 verbose cli   'run',
1 verbose cli   'gulp',
1 verbose cli   '--',
1 verbose cli   'serve' ]
2 info using npm@3.10.3
3 info using node@v6.4.0
4 verbose run-script [ 'pregulp', 'gulp', 'postgulp' ]
5 info lifecycle rollup-test@0.0.1~pregulp: rollup-test@0.0.1
6 silly lifecycle rollup-test@0.0.1~pregulp: no script for pregulp, continuing
7 info lifecycle rollup-test@0.0.1~gulp: rollup-test@0.0.1
8 verbose lifecycle rollup-test@0.0.1~gulp: unsafe-perm in lifecycle true
9 verbose lifecycle rollup-test@0.0.1~gulp: PATH: /usr/local/lib/node_modules/npm/bin/node-gyp-bin:/Users/chris/rollup-test/node_modules/.bin:/usr/local/bin:/Users/chris/bin:/usr/local/go/bin:/usr/local/ruby/bin:/opt/local/bin:/opt/local/sbin:/Users/chris/Dropbox/fish.dst/usr/local/bin:/usr/local/bin:/usr/bin:/bin:/usr/sbin:/sbin:/opt/X11/bin:/usr/local/CrossPack-AVR/bin:/usr/local/go/bin
10 verbose lifecycle rollup-test@0.0.1~gulp: CWD: /Users/chris/rollup-test
11 silly lifecycle rollup-test@0.0.1~gulp: Args: [ '-c', 'gulp "serve"' ]
12 silly lifecycle rollup-test@0.0.1~gulp: Returned: code: 1  signal: null
13 info lifecycle rollup-test@0.0.1~gulp: Failed to exec gulp script
14 verbose stack Error: rollup-test@0.0.1 gulp: `gulp "serve"`
14 verbose stack Exit status 1
14 verbose stack     at EventEmitter.<anonymous> (/usr/local/lib/node_modules/npm/lib/utils/lifecycle.js:242:16)
14 verbose stack     at emitTwo (events.js:106:13)
14 verbose stack     at EventEmitter.emit (events.js:191:7)
14 verbose stack     at ChildProcess.<anonymous> (/usr/local/lib/node_modules/npm/lib/utils/spawn.js:40:14)
14 verbose stack     at emitTwo (events.js:106:13)
14 verbose stack     at ChildProcess.emit (events.js:191:7)
14 verbose stack     at maybeClose (internal/child_process.js:852:16)
14 verbose stack     at Process.ChildProcess._handle.onexit (internal/child_process.js:215:5)
15 verbose pkgid rollup-test@0.0.1
16 verbose cwd /Users/chris/rollup-test
17 error Darwin 15.6.0
18 error argv "/usr/local/bin/node" "/usr/local/bin/npm" "run" "gulp" "--" "serve"
19 error node v6.4.0
20 error npm  v3.10.3
21 error code ELIFECYCLE
22 error rollup-test@0.0.1 gulp: `gulp "serve"`
22 error Exit status 1
23 error Failed at the rollup-test@0.0.1 gulp script 'gulp "serve"'.
23 error Make sure you have the latest version of node.js and npm installed.
23 error If you do, this is most likely a problem with the rollup-test package,
23 error not with npm itself.
23 error Tell the author that this fails on your system:
23 error     gulp "serve"
23 error You can get information on how to open an issue for this project with:
23 error     npm bugs rollup-test
23 error Or if that isn't available, you can get their info via:
23 error     npm owner ls rollup-test
23 error There is likely additional logging output above.
24 verbose exit [ 1, true ]
